START 2024-10-31 09:59:01
SLURM_JOB_ID=13248036
SLURM_JOB_NUM_NODES=2
SLURM_NODELIST=jrc[0223-0224]
The following modules were not unloaded:
  (Use "module --force purge" to unload all):

  1) Stages/2024
Traceback (most recent call last):
  File "/usr/lib/python3.10/runpy.py", line 196, in _run_module_as_main
    return _run_code(code, main_globals, None,
  File "/usr/lib/python3.10/runpy.py", line 86, in _run_code
    exec(code, run_globals)
  File "/usr/local/lib/python3.10/dist-packages/torchrun_jsc/__main__.py", line 4, in <module>
    main()
  File "/usr/local/lib/python3.10/dist-packages/torchrun_jsc/__init__.py", line 38, in main
    run_main_old()
  File "/usr/local/lib/python3.10/dist-packages/torchrun_jsc/run_old.py", line 141, in main
    fix_torch_run_extra(host)
  File "/usr/local/lib/python3.10/dist-packages/torchrun_jsc/run_old.py", line 96, in fix_torch_run_extra
    orig_build = rapi.RendezvousStoreInfo.build
AttributeError: module 'torch.distributed.elastic.rendezvous.api' has no attribute 'RendezvousStoreInfo'. Did you mean: 'RendezvousStateError'?
srun: error: jrc0224: task 1: Exited with exit code 1
srun: error: jrc0223: task 0: Terminated
srun: Force Terminated StepId=13248036.0
